

 NAS Parallel Benchmarks (NPB3.3-OMP-C) - CG Benchmark

 Size:      150000
 Iterations:                     75
 Number of available threads:     8

 Initialization time =           7.368 seconds

   iteration           ||r||                 zeta
        1       3.53315757324351E-13   109.9994423237398
        2       8.03185516497939E-16    27.3920437146521
        3       8.53073584576041E-16    28.0339761840267
        4       8.77155017874017E-16    28.4191507551290
        5       8.91218235044773E-16    28.6471670038896
        6       8.95651723790858E-16    28.7812969418416
        7       8.99888449765237E-16    28.8600458537346
        8       9.07011730785658E-16    28.9063145572688
        9       9.07294300728280E-16    28.9335649214618
       10       9.11401532449865E-16    28.9496695449000
       11       9.12325360250592E-16    28.9592263353754
       12       9.11199639199804E-16    28.9649233484894
       13       9.08838004040925E-16    28.9683359248934
       14       9.13908289804727E-16    28.9703903960000
       15       9.08059337771521E-16    28.9716336228370
       16       9.11960264988810E-16    28.9723898600855
       17       9.09703615667966E-16    28.9728522692225
       18       9.11199204613642E-16    28.9731364797775
       19       9.06982213725889E-16    28.9733120569288
       20       9.14399173065325E-16    28.9734210663752
       21       9.13426958260314E-16    28.9734890760551
       22       9.14345710822037E-16    28.9735317064875
       23       9.08745336244622E-16    28.9735585497254
       24       9.14077224246728E-16    28.9735755256648
       25       9.08671293277437E-16    28.9735863059386
       26       9.03011332565579E-16    28.9735931787372
       27       9.15899346922079E-16    28.9735975767369
       28       9.10476566754806E-16    28.9736004009988
       29       9.07502758938475E-16    28.9736022206774
       30       9.08448512728102E-16    28.9736033967633
       31       9.11369039450592E-16    28.9736041591154
       32       9.08460887331652E-16    28.9736046546408
       33       9.14825821335032E-16    28.9736049775619
       34       9.12604466754414E-16    28.9736051885103
       35       9.10264025205738E-16    28.9736053266247
       36       9.04929078595734E-16    28.9736054172455
       37       9.10124216816880E-16    28.9736054768223
       38       9.08928854232143E-16    28.9736055160640
       39       9.09605053071729E-16    28.9736055419570
       40       9.06276064203899E-16    28.9736055590700
       41       9.09649275752123E-16    28.9736055703979
       42       9.07894881334820E-16    28.9736055779077
       43       9.10385566774453E-16    28.9736055828933
       44       9.05923775466139E-16    28.9736055862071
       45       9.08100179942522E-16    28.9736055884130
       46       9.05408626943212E-16    28.9736055898823
       47       9.05317667758825E-16    28.9736055908630
       48       9.09664986954466E-16    28.9736055915178
       49       9.07478650937743E-16    28.9736055919554
       50       9.09673922261740E-16    28.9736055922483
       51       9.05773879790735E-16    28.9736055924445
       52       9.02711758907559E-16    28.9736055925762
       53       9.04241381731006E-16    28.9736055926646
       54       9.08913057557286E-16    28.9736055927238
       55       9.02591406953516E-16    28.9736055927634
       56       9.07699780407380E-16    28.9736055927899
       57       9.03607341519944E-16    28.9736055928082
       58       9.05650496401069E-16    28.9736055928207
       59       9.04270146547642E-16    28.9736055928284
       60       9.08699549189502E-16    28.9736055928341
       61       9.06078921270995E-16    28.9736055928375
       62       9.07176053344839E-16    28.9736055928404
       63       9.07637409837064E-16    28.9736055928418
       64       9.03315674194895E-16    28.9736055928431
       65       9.07221554086952E-16    28.9736055928440
       66       9.09085946813536E-16    28.9736055928442
       67       9.06701541844084E-16    28.9736055928450
       68       9.07058761692305E-16    28.9736055928451
       69       9.09725752743063E-16    28.9736055928452
       70       9.01806422001969E-16    28.9736055928452
       71       9.09528968601864E-16    28.9736055928453
       72       9.08334604921248E-16    28.9736055928455
       73       9.03423316268966E-16    28.9736055928456
       74       9.05784411206372E-16    28.9736055928454
       75       9.02502402479487E-16    28.9736055928456
 Benchmark completed
 VERIFICATION SUCCESSFUL
 Zeta is     2.8973605592846E+01
 Error is    2.0722605952279E-14


 CG Benchmark Completed.
 Class           =                        C
 Size            =                   150000
 Iterations      =                       75
 Time in seconds =                   132.82
 Total threads   =                        8
 Avail threads   =                        8
 Mop/s total     =                  1079.25
 Mop/s/thread    =                   134.91
 Operation type  =           floating point
 Verification    =               SUCCESSFUL
 Version         =                    3.3.1
 Compile date    =              03 Oct 2016

 Compile options:
    CC           = gcc
    CLINK        = $(CC)
    C_LIB        = -lm
    C_INC        = -I../common
    CFLAGS       = -g -Wall -O2 -fopenmp -mcmodel=medium
    CLINKFLAGS   = -O2  -fopenmp -mcmodel=medium
    RAND         = randdp

--------------------------------------
 Please send all errors/feedbacks to:
 Center for Manycore Programming
 cmp@aces.snu.ac.kr
 http://aces.snu.ac.kr
--------------------------------------

