

 NAS Parallel Benchmarks (NPB3.3-OMP-C) - CG Benchmark

 Size:      150000
 Iterations:                     75
 Number of available threads:     8

 Initialization time =           7.605 seconds

   iteration           ||r||                 zeta
        1       3.53292295371295E-13   109.9994423237398
        2       8.03287606579292E-16    27.3920437146521
        3       8.53392989145098E-16    28.0339761840268
        4       8.78437835875949E-16    28.4191507551290
        5       8.91449394960782E-16    28.6471670038896
        6       8.96755316102597E-16    28.7812969418416
        7       8.99820188207776E-16    28.8600458537346
        8       9.07389956625488E-16    28.9063145572688
        9       9.08210046188630E-16    28.9335649214618
       10       9.11611738390634E-16    28.9496695449001
       11       9.10757600691350E-16    28.9592263353754
       12       9.08741314957247E-16    28.9649233484894
       13       9.08052028195198E-16    28.9683359248934
       14       9.14645550881605E-16    28.9703903960000
       15       9.08125276641093E-16    28.9716336228371
       16       9.11748929499162E-16    28.9723898600855
       17       9.09449876670740E-16    28.9728522692225
       18       9.11500256644864E-16    28.9731364797776
       19       9.06706206625752E-16    28.9733120569288
       20       9.13919534181123E-16    28.9734210663752
       21       9.13143612079241E-16    28.9734890760551
       22       9.15407954708124E-16    28.9735317064875
       23       9.09316092046054E-16    28.9735585497254
       24       9.14388334313742E-16    28.9735755256648
       25       9.07932788718268E-16    28.9735863059386
       26       9.03579723595704E-16    28.9735931787371
       27       9.15984165002640E-16    28.9735975767370
       28       9.11297000626090E-16    28.9736004009988
       29       9.06589763434899E-16    28.9736022206774
       30       9.09266877939633E-16    28.9736033967633
       31       9.12111104125480E-16    28.9736041591154
       32       9.08504519575532E-16    28.9736046546408
       33       9.15451444035918E-16    28.9736049775619
       34       9.12402361385284E-16    28.9736051885103
       35       9.10616563489758E-16    28.9736053266247
       36       9.07718799680887E-16    28.9736054172456
       37       9.11042069182108E-16    28.9736054768224
       38       9.08980313373313E-16    28.9736055160640
       39       9.09178180704335E-16    28.9736055419570
       40       9.06847149177933E-16    28.9736055590699
       41       9.10308682764172E-16    28.9736055703979
       42       9.08763165435409E-16    28.9736055779077
       43       9.10434381889882E-16    28.9736055828933
       44       9.06425339452528E-16    28.9736055862071
       45       9.08703274751811E-16    28.9736055884130
       46       9.06061202647712E-16    28.9736055898823
       47       9.03548055141960E-16    28.9736055908630
       48       9.08846392937154E-16    28.9736055915178
       49       9.05596258880985E-16    28.9736055919554
       50       9.10996036669928E-16    28.9736055922483
       51       9.05511728611905E-16    28.9736055924445
       52       9.03731663559754E-16    28.9736055925762
       53       9.04629552429355E-16    28.9736055926646
       54       9.09516965970273E-16    28.9736055927237
       55       9.02278436285423E-16    28.9736055927634
       56       9.07217392019920E-16    28.9736055927899
       57       9.03938776946296E-16    28.9736055928082
       58       9.04187736120846E-16    28.9736055928207
       59       9.05317913649545E-16    28.9736055928284
       60       9.08451474269976E-16    28.9736055928341
       61       9.06032054791007E-16    28.9736055928376
       62       9.07208339387334E-16    28.9736055928404
       63       9.08695116170874E-16    28.9736055928418
       64       9.04561981654538E-16    28.9736055928430
       65       9.05978641311191E-16    28.9736055928440
       66       9.08698021526670E-16    28.9736055928442
       67       9.06126981251587E-16    28.9736055928450
       68       9.06932446468355E-16    28.9736055928451
       69       9.08417726516048E-16    28.9736055928452
       70       9.02597320032426E-16    28.9736055928452
       71       9.09962691745528E-16    28.9736055928453
       72       9.08500453149303E-16    28.9736055928455
       73       9.04519839342737E-16    28.9736055928456
       74       9.04506635530886E-16    28.9736055928454
       75       9.03225810561330E-16    28.9736055928456
 Benchmark completed
 VERIFICATION SUCCESSFUL
 Zeta is     2.8973605592846E+01
 Error is    2.0722605952279E-14


 CG Benchmark Completed.
 Class           =                        C
 Size            =                   150000
 Iterations      =                       75
 Time in seconds =                   172.02
 Total threads   =                        8
 Avail threads   =                        8
 Mop/s total     =                   833.32
 Mop/s/thread    =                   104.16
 Operation type  =           floating point
 Verification    =               SUCCESSFUL
 Version         =                    3.3.1
 Compile date    =              03 Oct 2016

 Compile options:
    CC           = gcc
    CLINK        = $(CC)
    C_LIB        = -lm
    C_INC        = -I../common
    CFLAGS       = -g -Wall -O3 -fopenmp -mcmodel=medium
    CLINKFLAGS   = -O3  -fopenmp -mcmodel=medium
    RAND         = randdp

--------------------------------------
 Please send all errors/feedbacks to:
 Center for Manycore Programming
 cmp@aces.snu.ac.kr
 http://aces.snu.ac.kr
--------------------------------------

