

 NAS Parallel Benchmarks (NPB3.3-OMP-C) - CG Benchmark

 Size:      150000
 Iterations:                     75
 Number of available threads:     8

 Initialization time =           7.214 seconds

   iteration           ||r||                 zeta
        1       3.53320536743097E-13   109.9994423237398
        2       8.03482267645499E-16    27.3920437146521
        3       8.53599138888312E-16    28.0339761840268
        4       8.77653937252069E-16    28.4191507551290
        5       8.91840336588075E-16    28.6471670038896
        6       8.96117370077669E-16    28.7812969418416
        7       8.99447450557453E-16    28.8600458537346
        8       9.07968606506596E-16    28.9063145572687
        9       9.09653545820964E-16    28.9335649214618
       10       9.11569244587413E-16    28.9496695449000
       11       9.11521951521613E-16    28.9592263353754
       12       9.09714187196003E-16    28.9649233484894
       13       9.08881058406187E-16    28.9683359248934
       14       9.12865905802804E-16    28.9703903960000
       15       9.07315494946737E-16    28.9716336228371
       16       9.13119533123754E-16    28.9723898600855
       17       9.09952949465266E-16    28.9728522692225
       18       9.12186181101911E-16    28.9731364797775
       19       9.07034416309904E-16    28.9733120569287
       20       9.14183787239163E-16    28.9734210663752
       21       9.14284414375263E-16    28.9734890760551
       22       9.14118582765205E-16    28.9735317064875
       23       9.08955321110020E-16    28.9735585497254
       24       9.14809250304823E-16    28.9735755256648
       25       9.08471537208401E-16    28.9735863059386
       26       9.02927404482544E-16    28.9735931787372
       27       9.14949537228854E-16    28.9735975767369
       28       9.10456434220900E-16    28.9736004009988
       29       9.07119089774699E-16    28.9736022206774
       30       9.07940577882445E-16    28.9736033967633
       31       9.11296283917591E-16    28.9736041591154
       32       9.07902297778303E-16    28.9736046546409
       33       9.15289803158624E-16    28.9736049775619
       34       9.13084647180678E-16    28.9736051885103
       35       9.09219549152160E-16    28.9736053266247
       36       9.06444721829096E-16    28.9736054172455
       37       9.10991851927384E-16    28.9736054768223
       38       9.10034816819073E-16    28.9736055160640
       39       9.09573666288168E-16    28.9736055419570
       40       9.06361344717895E-16    28.9736055590699
       41       9.09000733193615E-16    28.9736055703979
       42       9.08405859631488E-16    28.9736055779077
       43       9.09892460864123E-16    28.9736055828933
       44       9.05627128838372E-16    28.9736055862071
       45       9.09210775432947E-16    28.9736055884130
       46       9.05189931485660E-16    28.9736055898823
       47       9.03962123134150E-16    28.9736055908630
       48       9.09738951872195E-16    28.9736055915178
       49       9.06496879992504E-16    28.9736055919554
       50       9.10432322929561E-16    28.9736055922483
       51       9.05956871266551E-16    28.9736055924445
       52       9.02319239267236E-16    28.9736055925761
       53       9.03734678767040E-16    28.9736055926646
       54       9.08729367004361E-16    28.9736055927237
       55       9.03758147694319E-16    28.9736055927634
       56       9.07698296792593E-16    28.9736055927899
       57       9.05145003524203E-16    28.9736055928082
       58       9.06177911581334E-16    28.9736055928207
       59       9.06787963217494E-16    28.9736055928284
       60       9.09341010971435E-16    28.9736055928340
       61       9.07697554984290E-16    28.9736055928376
       62       9.07104681783054E-16    28.9736055928404
       63       9.06306122663522E-16    28.9736055928418
       64       9.03820899764576E-16    28.9736055928431
       65       9.06067673650402E-16    28.9736055928440
       66       9.09148959442191E-16    28.9736055928442
       67       9.05546183823139E-16    28.9736055928450
       68       9.06576960930650E-16    28.9736055928451
       69       9.09751535041329E-16    28.9736055928452
       70       9.02439168360913E-16    28.9736055928452
       71       9.09512035305677E-16    28.9736055928453
       72       9.06888353784273E-16    28.9736055928455
       73       9.03533313337197E-16    28.9736055928456
       74       9.04110786616845E-16    28.9736055928454
       75       9.01811311700158E-16    28.9736055928456
 Benchmark completed
 VERIFICATION SUCCESSFUL
 Zeta is     2.8973605592846E+01
 Error is    1.9741654191225E-14


 CG Benchmark Completed.
 Class           =                        C
 Size            =                   150000
 Iterations      =                       75
 Time in seconds =                   111.10
 Total threads   =                        8
 Avail threads   =                        8
 Mop/s total     =                  1290.29
 Mop/s/thread    =                   161.29
 Operation type  =           floating point
 Verification    =               SUCCESSFUL
 Version         =                    3.3.1
 Compile date    =              03 Oct 2016

 Compile options:
    CC           = gcc
    CLINK        = $(CC)
    C_LIB        = -lm
    C_INC        = -I../common
    CFLAGS       = -g -Wall -Os -fopenmp -mcmodel=medium
    CLINKFLAGS   = -Os  -fopenmp -mcmodel=medium
    RAND         = randdp

--------------------------------------
 Please send all errors/feedbacks to:
 Center for Manycore Programming
 cmp@aces.snu.ac.kr
 http://aces.snu.ac.kr
--------------------------------------

