

 NAS Parallel Benchmarks (NPB3.3-OMP-C) - CG Benchmark

 Size:      150000
 Iterations:                     75
 Number of available threads:     8

 Initialization time =          12.917 seconds

   iteration           ||r||                 zeta
        1       3.53310646414523E-13   109.9994423237398
        2       8.05607711423377E-16    27.3920437146521
        3       8.52919543206947E-16    28.0339761840268
        4       8.78228575545701E-16    28.4191507551290
        5       8.91206205913851E-16    28.6471670038896
        6       8.95904058449884E-16    28.7812969418416
        7       8.99469798392976E-16    28.8600458537346
        8       9.08392675909520E-16    28.9063145572688
        9       9.07494316738171E-16    28.9335649214618
       10       9.10527434127686E-16    28.9496695449000
       11       9.10958851546769E-16    28.9592263353754
       12       9.09742215283736E-16    28.9649233484895
       13       9.08199327720940E-16    28.9683359248934
       14       9.14297011324004E-16    28.9703903960000
       15       9.07132720441769E-16    28.9716336228371
       16       9.12342452312106E-16    28.9723898600855
       17       9.09383634748423E-16    28.9728522692225
       18       9.11752421008108E-16    28.9731364797775
       19       9.06790610557845E-16    28.9733120569288
       20       9.13882198701054E-16    28.9734210663752
       21       9.13400834505539E-16    28.9734890760551
       22       9.14646057728717E-16    28.9735317064875
       23       9.09379899047095E-16    28.9735585497254
       24       9.15310316596439E-16    28.9735755256648
       25       9.09524493179214E-16    28.9735863059386
       26       9.03889866658219E-16    28.9735931787372
       27       9.16119684055325E-16    28.9735975767370
       28       9.11393758757567E-16    28.9736004009988
       29       9.05914874942286E-16    28.9736022206774
       30       9.09743134302245E-16    28.9736033967633
       31       9.11402604566895E-16    28.9736041591154
       32       9.08352041408758E-16    28.9736046546408
       33       9.15780990017413E-16    28.9736049775619
       34       9.12834505585241E-16    28.9736051885103
       35       9.10086818876840E-16    28.9736053266247
       36       9.06730710312700E-16    28.9736054172455
       37       9.10954988023172E-16    28.9736054768224
       38       9.08733461106933E-16    28.9736055160640
       39       9.09697036061333E-16    28.9736055419570
       40       9.06868193845389E-16    28.9736055590700
       41       9.09406155273268E-16    28.9736055703979
       42       9.08316104068345E-16    28.9736055779077
       43       9.10106882494639E-16    28.9736055828933
       44       9.05206460690469E-16    28.9736055862071
       45       9.08650049828465E-16    28.9736055884130
       46       9.05941497993699E-16    28.9736055898823
       47       9.04462685738703E-16    28.9736055908630
       48       9.09611683824320E-16    28.9736055915178
       49       9.05982286833269E-16    28.9736055919554
       50       9.09571141341195E-16    28.9736055922483
       51       9.04744305925063E-16    28.9736055924444
       52       9.02582473568595E-16    28.9736055925762
       53       9.03944484118814E-16    28.9736055926646
       54       9.09126925499738E-16    28.9736055927237
       55       9.02980927258507E-16    28.9736055927634
       56       9.06647940913491E-16    28.9736055927899
       57       9.04603130760330E-16    28.9736055928082
       58       9.05580184215016E-16    28.9736055928207
       59       9.05673077711888E-16    28.9736055928284
       60       9.08203565777738E-16    28.9736055928341
       61       9.06548971942366E-16    28.9736055928376
       62       9.08483286378946E-16    28.9736055928404
       63       9.08817425352400E-16    28.9736055928418
       64       9.05391097254450E-16    28.9736055928431
       65       9.06809339814332E-16    28.9736055928440
       66       9.09123902720544E-16    28.9736055928442
       67       9.06327999021295E-16    28.9736055928450
       68       9.06346259989072E-16    28.9736055928451
       69       9.09109857837734E-16    28.9736055928452
       70       9.02141800605939E-16    28.9736055928452
       71       9.08498651009476E-16    28.9736055928453
       72       9.07109976227222E-16    28.9736055928455
       73       9.03226479582669E-16    28.9736055928456
       74       9.04794780607671E-16    28.9736055928454
       75       9.02039706503640E-16    28.9736055928456
 Benchmark completed
 VERIFICATION SUCCESSFUL
 Zeta is     2.8973605592846E+01
 Error is    2.0722605952279E-14


 CG Benchmark Completed.
 Class           =                        C
 Size            =                   150000
 Iterations      =                       75
 Time in seconds =                   223.02
 Total threads   =                        8
 Avail threads   =                        8
 Mop/s total     =                   642.76
 Mop/s/thread    =                    80.34
 Operation type  =           floating point
 Verification    =               SUCCESSFUL
 Version         =                    3.3.1
 Compile date    =              03 Oct 2016

 Compile options:
    CC           = gcc
    CLINK        = $(CC)
    C_LIB        = -lm
    C_INC        = -I../common
    CFLAGS       = -g -Wall -O0 -fopenmp -mcmodel=medium
    CLINKFLAGS   = -O0  -fopenmp -mcmodel=medium
    RAND         = randdp

--------------------------------------
 Please send all errors/feedbacks to:
 Center for Manycore Programming
 cmp@aces.snu.ac.kr
 http://aces.snu.ac.kr
--------------------------------------

