

 NAS Parallel Benchmarks (NPB3.3-OMP-C) - CG Benchmark

 Size:      150000
 Iterations:                     75
 Number of available threads:     4

 Initialization time =           8.586 seconds

   iteration           ||r||                 zeta
        1       3.53395272163091E-13   109.9994423237398
        2       8.03325418763740E-16    27.3920437146526
        3       8.54286312351268E-16    28.0339761840275
        4       8.78055572913942E-16    28.4191507551287
        5       8.93466855241598E-16    28.6471670038893
        6       8.96159089755036E-16    28.7812969418412
        7       8.96368931070178E-16    28.8600458537343
        8       9.05562147538695E-16    28.9063145572685
        9       9.08536199230853E-16    28.9335649214621
       10       9.12318218935418E-16    28.9496695449003
       11       9.10249784026978E-16    28.9592263353754
       12       9.09435883273248E-16    28.9649233484889
       13       9.08639702017469E-16    28.9683359248936
       14       9.14510383768662E-16    28.9703903960006
       15       9.07393670561757E-16    28.9716336228371
       16       9.14512520310541E-16    28.9723898600853
       17       9.10481877499330E-16    28.9728522692229
       18       9.09058869117443E-16    28.9731364797778
       19       9.06166186435348E-16    28.9733120569288
       20       9.15075291738988E-16    28.9734210663747
       21       9.15886482834342E-16    28.9734890760554
       22       9.13641158705253E-16    28.9735317064871
       23       9.09434029265221E-16    28.9735585497259
       24       9.15464026531175E-16    28.9735755256648
       25       9.08794690155564E-16    28.9735863059382
       26       9.03947893612973E-16    28.9735931787373
       27       9.16006337976023E-16    28.9735975767371
       28       9.11214202554065E-16    28.9736004009989
       29       9.08612465478757E-16    28.9736022206771
       30       9.11067773910010E-16    28.9736033967627
       31       9.08436740058888E-16    28.9736041591157
       32       9.05128498359478E-16    28.9736046546405
       33       9.11838501048882E-16    28.9736049775615
       34       9.12029237468463E-16    28.9736051885100
       35       9.10074729554559E-16    28.9736053266246
       36       9.05218448649221E-16    28.9736054172454
       37       9.08945297662304E-16    28.9736054768226
       38       9.07283272639843E-16    28.9736055160638
       39       9.10138374798477E-16    28.9736055419573
       40       9.08483309426693E-16    28.9736055590699
       41       9.07948288085786E-16    28.9736055703976
       42       9.07884136892568E-16    28.9736055779074
       43       9.08832249185040E-16    28.9736055828934
       44       9.04919433945198E-16    28.9736055862072
       45       9.10224746712430E-16    28.9736055884132
       46       9.05703129414632E-16    28.9736055898824
       47       9.05809538812222E-16    28.9736055908630
       48       9.09637901053490E-16    28.9736055915179
       49       9.06560965244965E-16    28.9736055919554
       50       9.10281360571016E-16    28.9736055922485
       51       9.06637001798508E-16    28.9736055924450
       52       9.01570417735934E-16    28.9736055925761
       53       9.04514974439530E-16    28.9736055926646
       54       9.10539774829789E-16    28.9736055927236
       55       9.02902719057300E-16    28.9736055927632
       56       9.06779419972632E-16    28.9736055927905
       57       9.04616119162238E-16    28.9736055928077
       58       9.04193148398714E-16    28.9736055928208
       59       9.05659031637331E-16    28.9736055928282
       60       9.07227200927408E-16    28.9736055928340
       61       9.07588715059493E-16    28.9736055928375
       62       9.07951589086343E-16    28.9736055928397
       63       9.08049725963806E-16    28.9736055928419
       64       9.02707450304977E-16    28.9736055928432
       65       9.05631911510805E-16    28.9736055928440
       66       9.08480183419049E-16    28.9736055928438
       67       9.06761724760218E-16    28.9736055928451
       68       9.06061989987267E-16    28.9736055928445
       69       9.11058070058244E-16    28.9736055928450
       70       9.03014238716168E-16    28.9736055928455
       71       9.08273966481006E-16    28.9736055928457
       72       9.08841159131868E-16    28.9736055928457
       73       9.04499423143427E-16    28.9736055928458
       74       9.05031875683580E-16    28.9736055928451
       75       9.00795879879875E-16    28.9736055928458
 Benchmark completed
 VERIFICATION SUCCESSFUL
 Zeta is     2.8973605592846E+01
 Error is    2.8079744160189E-14


 CG Benchmark Completed.
 Class           =                        C
 Size            =                   150000
 Iterations      =                       75
 Time in seconds =                   112.89
 Total threads   =                        4
 Avail threads   =                        4
 Mop/s total     =                  1269.82
 Mop/s/thread    =                   317.46
 Operation type  =           floating point
 Verification    =               SUCCESSFUL
 Version         =                    3.3.1
 Compile date    =              02 Oct 2016

 Compile options:
    CC           = gcc
    CLINK        = $(CC)
    C_LIB        = -lm
    C_INC        = -I../common
    CFLAGS       = -g -Wall -O3 -fopenmp -mcmodel=medium
    CLINKFLAGS   = -O3 -fopenmp -mcmodel=medium
    RAND         = randdp

--------------------------------------
 Please send all errors/feedbacks to:
 Center for Manycore Programming
 cmp@aces.snu.ac.kr
 http://aces.snu.ac.kr
--------------------------------------

