

 NAS Parallel Benchmarks (NPB3.3-OMP-C) - CG Benchmark

 Size:      150000
 Iterations:                     75
 Number of available threads:     4

 Initialization time =           6.924 seconds

   iteration           ||r||                 zeta
        1       3.53231862764705E-13   109.9994423237398
        2       8.02558642461449E-16    27.3920437146526
        3       8.55129821641850E-16    28.0339761840275
        4       8.77440256573844E-16    28.4191507551287
        5       8.93292237571062E-16    28.6471670038893
        6       8.95558869998973E-16    28.7812969418412
        7       8.97267134615175E-16    28.8600458537343
        8       9.05018100536553E-16    28.9063145572684
        9       9.08563896544142E-16    28.9335649214622
       10       9.12727126223964E-16    28.9496695449003
       11       9.10682278477321E-16    28.9592263353755
       12       9.08946487856520E-16    28.9649233484889
       13       9.08457134492043E-16    28.9683359248936
       14       9.14753504582131E-16    28.9703903960005
       15       9.07814064068592E-16    28.9716336228371
       16       9.14093867621476E-16    28.9723898600853
       17       9.10495561510813E-16    28.9728522692229
       18       9.10423173955888E-16    28.9731364797778
       19       9.06993057549895E-16    28.9733120569288
       20       9.14273496316795E-16    28.9734210663747
       21       9.16160883009521E-16    28.9734890760554
       22       9.13290515958705E-16    28.9735317064871
       23       9.09226237258299E-16    28.9735585497258
       24       9.14817456351194E-16    28.9735755256648
       25       9.08480081523392E-16    28.9735863059382
       26       9.02668941764800E-16    28.9735931787374
       27       9.15425818258632E-16    28.9735975767371
       28       9.10720323145334E-16    28.9736004009989
       29       9.08693555351854E-16    28.9736022206772
       30       9.10041132011967E-16    28.9736033967627
       31       9.09029644424065E-16    28.9736041591157
       32       9.04815419524416E-16    28.9736046546405
       33       9.11883712346184E-16    28.9736049775614
       34       9.11747544737065E-16    28.9736051885099
       35       9.10669995372142E-16    28.9736053266246
       36       9.06163444032990E-16    28.9736054172455
       37       9.07751532602202E-16    28.9736054768226
       38       9.06954306098657E-16    28.9736055160639
       39       9.09667620672362E-16    28.9736055419574
       40       9.07815842074864E-16    28.9736055590700
       41       9.07451671820931E-16    28.9736055703976
       42       9.07863839644761E-16    28.9736055779073
       43       9.10725073020593E-16    28.9736055828934
       44       9.06676900427459E-16    28.9736055862072
       45       9.11286800174493E-16    28.9736055884132
       46       9.05820169980479E-16    28.9736055898824
       47       9.05404534846539E-16    28.9736055908630
       48       9.09610280866265E-16    28.9736055915179
       49       9.07321477239887E-16    28.9736055919554
       50       9.10358829965830E-16    28.9736055922485
       51       9.06954416671323E-16    28.9736055924450
       52       9.01272742149440E-16    28.9736055925761
       53       9.04790618339310E-16    28.9736055926646
       54       9.08451407954834E-16    28.9736055927235
       55       9.03179409773876E-16    28.9736055927632
       56       9.06131139003016E-16    28.9736055927904
       57       9.05093640056678E-16    28.9736055928077
       58       9.03784544072801E-16    28.9736055928208
       59       9.04996879710750E-16    28.9736055928282
       60       9.08391685161380E-16    28.9736055928340
       61       9.06901093565197E-16    28.9736055928375
       62       9.08157746149511E-16    28.9736055928397
       63       9.08994285495679E-16    28.9736055928419
       64       9.03618781967818E-16    28.9736055928432
       65       9.05935715006478E-16    28.9736055928440
       66       9.08646001437306E-16    28.9736055928438
       67       9.05987328747371E-16    28.9736055928450
       68       9.06693819823420E-16    28.9736055928445
       69       9.08714766252788E-16    28.9736055928450
       70       9.02051544742405E-16    28.9736055928455
       71       9.07560101970939E-16    28.9736055928456
       72       9.09154043593936E-16    28.9736055928457
       73       9.04759638638484E-16    28.9736055928458
       74       9.05499177396863E-16    28.9736055928451
       75       9.01449087396782E-16    28.9736055928458
 Benchmark completed
 VERIFICATION SUCCESSFUL
 Zeta is     2.8973605592846E+01
 Error is    2.7098792399135E-14


 CG Benchmark Completed.
 Class           =                        C
 Size            =                   150000
 Iterations      =                       75
 Time in seconds =                   103.65
 Total threads   =                        4
 Avail threads   =                        4
 Mop/s total     =                  1383.02
 Mop/s/thread    =                   345.75
 Operation type  =           floating point
 Verification    =               SUCCESSFUL
 Version         =                    3.3.1
 Compile date    =              02 Oct 2016

 Compile options:
    CC           = gcc
    CLINK        = $(CC)
    C_LIB        = -lm
    C_INC        = -I../common
    CFLAGS       = -g -Wall -O1 -fopenmp -mcmodel=medium
    CLINKFLAGS   = -O1 -fopenmp -mcmodel=medium
    RAND         = randdp

--------------------------------------
 Please send all errors/feedbacks to:
 Center for Manycore Programming
 cmp@aces.snu.ac.kr
 http://aces.snu.ac.kr
--------------------------------------

