

 NAS Parallel Benchmarks (NPB3.3-OMP-C) - CG Benchmark

 Size:      150000
 Iterations:                     75
 Number of available threads:     4

 Initialization time =           6.389 seconds

   iteration           ||r||                 zeta
        1       3.53224028797497E-13   109.9994423237398
        2       8.02618399320992E-16    27.3920437146526
        3       8.55184200610756E-16    28.0339761840275
        4       8.77508283187482E-16    28.4191507551287
        5       8.93639301267164E-16    28.6471670038893
        6       8.95659900290923E-16    28.7812969418412
        7       8.97071033074611E-16    28.8600458537343
        8       9.06199641859764E-16    28.9063145572685
        9       9.09573340775564E-16    28.9335649214621
       10       9.13326935680127E-16    28.9496695449003
       11       9.10370560428239E-16    28.9592263353754
       12       9.08213259277470E-16    28.9649233484889
       13       9.08881553109496E-16    28.9683359248936
       14       9.14717556503153E-16    28.9703903960005
       15       9.06990480462508E-16    28.9716336228371
       16       9.14134546266219E-16    28.9723898600853
       17       9.10437702926984E-16    28.9728522692229
       18       9.10098269901430E-16    28.9731364797778
       19       9.06132480862948E-16    28.9733120569288
       20       9.14622362526668E-16    28.9734210663747
       21       9.15592872292557E-16    28.9734890760554
       22       9.14660759385720E-16    28.9735317064871
       23       9.09749531065290E-16    28.9735585497259
       24       9.15174154279901E-16    28.9735755256648
       25       9.09223197840543E-16    28.9735863059382
       26       9.04021592436117E-16    28.9735931787374
       27       9.15348870806881E-16    28.9735975767371
       28       9.11221513370939E-16    28.9736004009989
       29       9.08443664011383E-16    28.9736022206771
       30       9.10011975597312E-16    28.9736033967627
       31       9.09107982557322E-16    28.9736041591157
       32       9.05110953099015E-16    28.9736046546405
       33       9.10706433570918E-16    28.9736049775614
       34       9.11563542033586E-16    28.9736051885099
       35       9.10167933990950E-16    28.9736053266246
       36       9.05660802517409E-16    28.9736054172454
       37       9.08107229433382E-16    28.9736054768226
       38       9.07967198177684E-16    28.9736055160639
       39       9.08628967999770E-16    28.9736055419573
       40       9.07112124125085E-16    28.9736055590700
       41       9.08683195908561E-16    28.9736055703976
       42       9.07987611653193E-16    28.9736055779073
       43       9.10625907780665E-16    28.9736055828934
       44       9.06174261576354E-16    28.9736055862072
       45       9.09134036931005E-16    28.9736055884132
       46       9.05738440807587E-16    28.9736055898825
       47       9.04780887764623E-16    28.9736055908629
       48       9.08840068229897E-16    28.9736055915179
       49       9.05248491502683E-16    28.9736055919554
       50       9.09542479955432E-16    28.9736055922486
       51       9.06813385872744E-16    28.9736055924449
       52       9.01307424211768E-16    28.9736055925761
       53       9.02936954871027E-16    28.9736055926646
       54       9.08974021928137E-16    28.9736055927236
       55       9.04899768022297E-16    28.9736055927632
       56       9.06246233767002E-16    28.9736055927905
       57       9.05606123882435E-16    28.9736055928077
       58       9.04878043064096E-16    28.9736055928208
       59       9.06130910765011E-16    28.9736055928282
       60       9.08756189751094E-16    28.9736055928339
       61       9.07442639337163E-16    28.9736055928375
       62       9.07627187279028E-16    28.9736055928397
       63       9.07784453723065E-16    28.9736055928419
       64       9.03999965840996E-16    28.9736055928432
       65       9.05158149324173E-16    28.9736055928440
       66       9.08550705411807E-16    28.9736055928438
       67       9.06300304308130E-16    28.9736055928451
       68       9.05906823440912E-16    28.9736055928445
       69       9.09465449141514E-16    28.9736055928450
       70       9.03310264386126E-16    28.9736055928455
       71       9.06912033545192E-16    28.9736055928456
       72       9.08319782673086E-16    28.9736055928457
       73       9.06444289421050E-16    28.9736055928458
       74       9.06382310286648E-16    28.9736055928451
       75       9.00739244863708E-16    28.9736055928458
 Benchmark completed
 VERIFICATION SUCCESSFUL
 Zeta is     2.8973605592846E+01
 Error is    2.7589268279662E-14


 CG Benchmark Completed.
 Class           =                        C
 Size            =                   150000
 Iterations      =                       75
 Time in seconds =                   109.14
 Total threads   =                        4
 Avail threads   =                        4
 Mop/s total     =                  1313.37
 Mop/s/thread    =                   328.34
 Operation type  =           floating point
 Verification    =               SUCCESSFUL
 Version         =                    3.3.1
 Compile date    =              02 Oct 2016

 Compile options:
    CC           = gcc
    CLINK        = $(CC)
    C_LIB        = -lm
    C_INC        = -I../common
    CFLAGS       = -g -Wall -O2 -fopenmp -mcmodel=medium
    CLINKFLAGS   = -O2 -fopenmp -mcmodel=medium
    RAND         = randdp

--------------------------------------
 Please send all errors/feedbacks to:
 Center for Manycore Programming
 cmp@aces.snu.ac.kr
 http://aces.snu.ac.kr
--------------------------------------

