

 NAS Parallel Benchmarks (NPB3.3-OMP-C) - CG Benchmark

 Size:      150000
 Iterations:                     75
 Number of available threads:     4

 Initialization time =          17.429 seconds

   iteration           ||r||                 zeta
        1       3.53289975257082E-13   109.9994423237398
        2       8.01874519475797E-16    27.3920437146526
        3       8.54352192488416E-16    28.0339761840275
        4       8.77420616558562E-16    28.4191507551287
        5       8.92172180795521E-16    28.6471670038893
        6       8.96164900579420E-16    28.7812969418412
        7       8.96929927961544E-16    28.8600458537343
        8       9.06095122902156E-16    28.9063145572685
        9       9.08854384445779E-16    28.9335649214621
       10       9.12511646044962E-16    28.9496695449003
       11       9.10412362917838E-16    28.9592263353754
       12       9.09272043847166E-16    28.9649233484889
       13       9.08593258720346E-16    28.9683359248936
       14       9.14757593407929E-16    28.9703903960005
       15       9.07304942840141E-16    28.9716336228371
       16       9.13708479386520E-16    28.9723898600853
       17       9.11014038747003E-16    28.9728522692229
       18       9.10448831601317E-16    28.9731364797778
       19       9.08077518211413E-16    28.9733120569288
       20       9.14984297468188E-16    28.9734210663747
       21       9.16166763038910E-16    28.9734890760554
       22       9.14679396968699E-16    28.9735317064871
       23       9.11028903045325E-16    28.9735585497258
       24       9.14613108869107E-16    28.9735755256648
       25       9.08362512603572E-16    28.9735863059382
       26       9.04384987483224E-16    28.9735931787373
       27       9.14862587889002E-16    28.9735975767371
       28       9.11357347233518E-16    28.9736004009989
       29       9.07631300923400E-16    28.9736022206771
       30       9.09887195529777E-16    28.9736033967627
       31       9.08666915505229E-16    28.9736041591157
       32       9.04898357758869E-16    28.9736046546405
       33       9.11443274757837E-16    28.9736049775614
       34       9.11041373643244E-16    28.9736051885099
       35       9.10960943592995E-16    28.9736053266246
       36       9.06249731478497E-16    28.9736054172455
       37       9.08532405056901E-16    28.9736054768225
       38       9.08058737441055E-16    28.9736055160639
       39       9.09124775493005E-16    28.9736055419573
       40       9.07130389960473E-16    28.9736055590700
       41       9.09005635514852E-16    28.9736055703976
       42       9.06982491161562E-16    28.9736055779073
       43       9.10267845253365E-16    28.9736055828934
       44       9.05445175451592E-16    28.9736055862071
       45       9.11182713568517E-16    28.9736055884132
       46       9.05246944624831E-16    28.9736055898825
       47       9.05214757847110E-16    28.9736055908630
       48       9.09073860344504E-16    28.9736055915179
       49       9.06714182965971E-16    28.9736055919554
       50       9.09676813184547E-16    28.9736055922486
       51       9.07407751723580E-16    28.9736055924450
       52       9.01452877154100E-16    28.9736055925761
       53       9.04428460564809E-16    28.9736055926646
       54       9.07655695859853E-16    28.9736055927235
       55       9.02912032925231E-16    28.9736055927632
       56       9.06361456173487E-16    28.9736055927904
       57       9.05534358006133E-16    28.9736055928077
       58       9.05457630047776E-16    28.9736055928208
       59       9.05486968405587E-16    28.9736055928282
       60       9.07380913001599E-16    28.9736055928339
       61       9.06952921306506E-16    28.9736055928375
       62       9.08181667050496E-16    28.9736055928397
       63       9.07373444120482E-16    28.9736055928419
       64       9.03049865556079E-16    28.9736055928432
       65       9.05191310046919E-16    28.9736055928440
       66       9.07718792801208E-16    28.9736055928438
       67       9.06428472141466E-16    28.9736055928451
       68       9.06849691836204E-16    28.9736055928445
       69       9.10606755592419E-16    28.9736055928450
       70       9.02926565182660E-16    28.9736055928455
       71       9.07636531587133E-16    28.9736055928456
       72       9.08489257747580E-16    28.9736055928457
       73       9.05411268173658E-16    28.9736055928458
       74       9.04447141666553E-16    28.9736055928451
       75       9.01075311338539E-16    28.9736055928458
 Benchmark completed
 VERIFICATION SUCCESSFUL
 Zeta is     2.8973605592846E+01
 Error is    2.9060695921244E-14


 CG Benchmark Completed.
 Class           =                        C
 Size            =                   150000
 Iterations      =                       75
 Time in seconds =                   262.54
 Total threads   =                        4
 Avail threads   =                        4
 Mop/s total     =                   545.99
 Mop/s/thread    =                   136.50
 Operation type  =           floating point
 Verification    =               SUCCESSFUL
 Version         =                    3.3.1
 Compile date    =              02 Oct 2016

 Compile options:
    CC           = gcc
    CLINK        = $(CC)
    C_LIB        = -lm
    C_INC        = -I../common
    CFLAGS       = -g -Wall -O0 -fopenmp -mcmodel=medium
    CLINKFLAGS   = -O0 -fopenmp -mcmodel=medium
    RAND         = randdp

--------------------------------------
 Please send all errors/feedbacks to:
 Center for Manycore Programming
 cmp@aces.snu.ac.kr
 http://aces.snu.ac.kr
--------------------------------------

