

 NAS Parallel Benchmarks (NPB3.3-OMP-C) - CG Benchmark

 Size:      150000
 Iterations:                     75
 Number of available threads:     4

 Initialization time =           9.762 seconds

   iteration           ||r||                 zeta
        1       3.53207418118547E-13   109.9994423237398
        2       8.02541300422188E-16    27.3920437146526
        3       8.55159623284608E-16    28.0339761840275
        4       8.77195756623399E-16    28.4191507551287
        5       8.92604164887884E-16    28.6471670038893
        6       8.94995286578922E-16    28.7812969418412
        7       8.96210834934980E-16    28.8600458537343
        8       9.06725870640889E-16    28.9063145572685
        9       9.09875300170618E-16    28.9335649214621
       10       9.12803559438995E-16    28.9496695449003
       11       9.10040981448913E-16    28.9592263353754
       12       9.09674573618665E-16    28.9649233484889
       13       9.09284420574820E-16    28.9683359248936
       14       9.15184621675038E-16    28.9703903960005
       15       9.07427782683297E-16    28.9716336228371
       16       9.13658034370913E-16    28.9723898600853
       17       9.10319973620980E-16    28.9728522692229
       18       9.09920772111552E-16    28.9731364797778
       19       9.06847781906370E-16    28.9733120569288
       20       9.13997563729595E-16    28.9734210663747
       21       9.15524221649573E-16    28.9734890760554
       22       9.13657271669760E-16    28.9735317064871
       23       9.09654147521885E-16    28.9735585497258
       24       9.15861977839560E-16    28.9735755256648
       25       9.08733552464067E-16    28.9735863059382
       26       9.03066376983358E-16    28.9735931787374
       27       9.16640165816131E-16    28.9735975767371
       28       9.12023250208076E-16    28.9736004009989
       29       9.07950605543983E-16    28.9736022206772
       30       9.10949816335890E-16    28.9736033967627
       31       9.09911996675856E-16    28.9736041591157
       32       9.04447592493895E-16    28.9736046546405
       33       9.10439418515697E-16    28.9736049775614
       34       9.11369133768060E-16    28.9736051885100
       35       9.09247023645996E-16    28.9736053266246
       36       9.05882818545087E-16    28.9736054172455
       37       9.07388889888203E-16    28.9736054768226
       38       9.07122206299408E-16    28.9736055160639
       39       9.09165935864555E-16    28.9736055419574
       40       9.07217956060281E-16    28.9736055590700
       41       9.09530387840581E-16    28.9736055703976
       42       9.08354069496891E-16    28.9736055779074
       43       9.09746707401855E-16    28.9736055828934
       44       9.05454853449166E-16    28.9736055862072
       45       9.10702343900957E-16    28.9736055884132
       46       9.04512100727003E-16    28.9736055898825
       47       9.06182102339692E-16    28.9736055908630
       48       9.09086386854795E-16    28.9736055915179
       49       9.07326044906302E-16    28.9736055919554
       50       9.09217405424751E-16    28.9736055922485
       51       9.05293497511322E-16    28.9736055924450
       52       9.02454128713398E-16    28.9736055925761
       53       9.03276185058604E-16    28.9736055926646
       54       9.09385206501391E-16    28.9736055927236
       55       9.03721691110697E-16    28.9736055927632
       56       9.06428866867609E-16    28.9736055927905
       57       9.04320380816990E-16    28.9736055928077
       58       9.04717404026292E-16    28.9736055928208
       59       9.04911883856408E-16    28.9736055928281
       60       9.08796777482713E-16    28.9736055928339
       61       9.07603694547925E-16    28.9736055928375
       62       9.08902616146410E-16    28.9736055928397
       63       9.08368127683038E-16    28.9736055928419
       64       9.04552894731032E-16    28.9736055928432
       65       9.05982157896135E-16    28.9736055928440
       66       9.07805035999854E-16    28.9736055928438
       67       9.07058945553870E-16    28.9736055928450
       68       9.06277508803224E-16    28.9736055928445
       69       9.09418798385620E-16    28.9736055928450
       70       9.03527047387492E-16    28.9736055928455
       71       9.07337046564006E-16    28.9736055928456
       72       9.08939754448606E-16    28.9736055928456
       73       9.05549396628195E-16    28.9736055928458
       74       9.05618928348026E-16    28.9736055928450
       75       9.01735965693212E-16    28.9736055928458
 Benchmark completed
 VERIFICATION SUCCESSFUL
 Zeta is     2.8973605592846E+01
 Error is    2.7589268279662E-14


 CG Benchmark Completed.
 Class           =                        C
 Size            =                   150000
 Iterations      =                       75
 Time in seconds =                   156.43
 Total threads   =                        4
 Avail threads   =                        4
 Mop/s total     =                   916.40
 Mop/s/thread    =                   229.10
 Operation type  =           floating point
 Verification    =               SUCCESSFUL
 Version         =                    3.3.1
 Compile date    =              02 Oct 2016

 Compile options:
    CC           = gcc
    CLINK        = $(CC)
    C_LIB        = -lm
    C_INC        = -I../common
    CFLAGS       = -g -Wall -Os -fopenmp -mcmodel=medium
    CLINKFLAGS   = -Os  -fopenmp -mcmodel=medium
    RAND         = randdp

--------------------------------------
 Please send all errors/feedbacks to:
 Center for Manycore Programming
 cmp@aces.snu.ac.kr
 http://aces.snu.ac.kr
--------------------------------------

