

 NAS Parallel Benchmarks (NPB3.3-OMP-C) - MG Benchmark

 No input file. Using compiled defaults 
 Size:  512x 512x 512  (class C)
 Iterations:                     20
 Number of available threads:     4

 Initialization time:           6.695 seconds

  iter   1
  iter   5
  iter  10
  iter  15
  iter  20

 Benchmark completed
 VERIFICATION SUCCESSFUL
 L2 Norm is  5.7067322857364E-07
 Error is    6.2617625416884E-13


 MG Benchmark Completed.
 Class           =                        C
 Size            =            512x 512x 512
 Iterations      =                       20
 Time in seconds =                    57.78
 Total threads   =                        4
 Avail threads   =                        4
 Mop/s total     =                  2694.76
 Mop/s/thread    =                   673.69
 Operation type  =           floating point
 Verification    =               SUCCESSFUL
 Version         =                    3.3.1
 Compile date    =              02 Oct 2016

 Compile options:
    CC           = gcc
    CLINK        = $(CC)
    C_LIB        = -lm
    C_INC        = -I../common
    CFLAGS       = -g -Wall -O2 -fopenmp -mcmodel=medium
    CLINKFLAGS   = -O2 -fopenmp -mcmodel=medium
    RAND         = randdp

--------------------------------------
 Please send all errors/feedbacks to:
 Center for Manycore Programming
 cmp@aces.snu.ac.kr
 http://aces.snu.ac.kr
--------------------------------------

